<?xml version="1.0" encoding="UTF-8"?>
<testng-results ignored="0" total="1" passed="1" failed="0" skipped="0">
  <reporter-output>
  </reporter-output>
  <suite started-at="2024-09-05T15:57:16 IST" name="Default suite" finished-at="2024-09-05T15:57:30 IST" duration-ms="13257">
    <groups>
    </groups>
    <test started-at="2024-09-05T15:57:16 IST" name="Default test" finished-at="2024-09-05T15:57:30 IST" duration-ms="13257">
      <class name="SeleniumFramework.AutomationScriptPage">
        <test-method signature="login()[pri:0, instance:SeleniumFramework.AutomationScriptPage@2f9f7dcf]" started-at="2024-09-05T15:57:16 IST" name="login" finished-at="2024-09-05T15:57:30 IST" duration-ms="13219" status="PASS">
          <reporter-output>
          </reporter-output>
        </test-method> <!-- login -->
      </class> <!-- SeleniumFramework.AutomationScriptPage -->
    </test> <!-- Default test -->
  </suite> <!-- Default suite -->
</testng-results>
